<?xml version="1.0" encoding="UTF-8"?>
<!-- Generated by org.testng.reporters.JUnitReportReporter -->
<testsuite hostname="KOMAL" failures="0" tests="4" name="TestCases.CaptureScreenshotforFailed" time="7.963" errors="0" timestamp="2023-01-06T19:30:09 IST" skipped="3">
  <testcase classname="TestCases.CaptureScreenshotforFailed" name="verifyTitleTest" time="7.963"/>
  <testcase classname="TestCases.CaptureScreenshotforFailed" name="verifyUrlTest1">
    <skipped/>
  </testcase> <!-- verifyUrlTest1 -->
  <testcase classname="TestCases.CaptureScreenshotforFailed" name="loginToAppTest">
    <skipped/>
  </testcase> <!-- loginToAppTest -->
  <testcase classname="TestCases.CaptureScreenshotforFailed" name="verifyLabelofInventoryTest">
    <skipped/>
  </testcase> <!-- verifyLabelofInventoryTest -->
</testsuite> <!-- TestCases.CaptureScreenshotforFailed -->
