<?xml version="1.0" encoding="UTF-8"?>
<!-- Generated by org.testng.reporters.JUnitReportReporter -->
<testsuite hostname="KOMAL" failures="0" tests="1" name="TestCases.SoftAssertion" time="6.092" errors="0" timestamp="2023-01-05T14:26:53 IST" skipped="0">
  <testcase classname="TestCases.SoftAssertion" name="verifyPeekLogoTest" time="6.092"/>
</testsuite> <!-- TestCases.SoftAssertion -->
