<?xml version="1.0" encoding="UTF-8"?>
<!-- Generated by org.testng.reporters.JUnitReportReporter -->
<testsuite hostname="KOMAL" failures="0" tests="3" name="TestCases.GroupTest" time="64.460" errors="0" timestamp="2023-01-04T20:06:48 IST" skipped="0">
  <testcase classname="TestCases.GroupTest" name="Test1" time="6.436"/>
  <testcase classname="TestCases.GroupTest" name="Test4" time="5.717"/>
  <testcase classname="TestCases.GroupTest" name="Test3" time="52.307"/>
</testsuite> <!-- TestCases.GroupTest -->
