<?xml version="1.0" encoding="UTF-8"?>
<!-- Generated by org.testng.reporters.JUnitReportReporter -->
<testsuite hostname="KOMAL" failures="0" tests="2" name="TestCases.DependsonTest" time="13.519" errors="0" timestamp="2023-01-04T18:48:31 IST" skipped="0">
  <testcase classname="TestCases.DependsonTest" name="loginToAppTest" time="4.726"/>
  <testcase classname="TestCases.DependsonTest" name="verifyTitleTest" time="8.793"/>
</testsuite> <!-- TestCases.DependsonTest -->
