<?xml version="1.0" encoding="UTF-8"?>
<!-- Generated by org.testng.reporters.JUnitReportReporter -->
<testsuite hostname="KOMAL" failures="0" tests="2" name="TestCases.InventoryPageTest" time="22.478" errors="0" timestamp="2023-01-01T20:36:57 IST" skipped="0">
  <testcase classname="TestCases.InventoryPageTest" name="verifyPeekLogoTest" time="11.368"/>
  <testcase classname="TestCases.InventoryPageTest" name="addProductTest" time="11.110"/>
</testsuite> <!-- TestCases.InventoryPageTest -->
