<?xml version="1.0" encoding="UTF-8"?>
<!-- Generated by org.testng.reporters.JUnitReportReporter -->
<testsuite hostname="KOMAL" failures="0" tests="4" name="TestCases.ParallelTest" time="106.544" errors="0" timestamp="2023-01-08T15:31:07 IST" skipped="0">
  <testcase classname="TestCases.ParallelTest" name="Test4" time="31.931"/>
  <testcase classname="TestCases.ParallelTest" name="Test2" time="27.593"/>
  <testcase classname="TestCases.ParallelTest" name="Test1" time="19.218"/>
  <testcase classname="TestCases.ParallelTest" name="Test3" time="27.802"/>
</testsuite> <!-- TestCases.ParallelTest -->
