<?xml version="1.0" encoding="UTF-8"?>
<!-- Generated by org.testng.reporters.JUnitReportReporter -->
<testsuite hostname="KOMAL" failures="0" tests="5" name="TestCases.PriorityTest" time="55.099" errors="0" timestamp="2023-01-04T18:59:48 IST" skipped="0">
  <testcase classname="TestCases.PriorityTest" name="verifyTitleTest2" time="7.680"/>
  <testcase classname="TestCases.PriorityTest" name="verifyTitleTest3" time="24.027"/>
  <testcase classname="TestCases.PriorityTest" name="verifyTitleTest1" time="6.496"/>
  <testcase classname="TestCases.PriorityTest" name="verifyTitleTest5" time="9.760"/>
  <testcase classname="TestCases.PriorityTest" name="verifyTitleTest4" time="7.136"/>
</testsuite> <!-- TestCases.PriorityTest -->
